<?xml version="1.0" encoding="UTF-8"?>
<!-- Generated by org.testng.reporters.JUnitXMLReporter -->
<testsuite ignored="0" hostname="DESKTOP-CP2721M" failures="1" tests="4" name="Test" time="0.095" errors="0" timestamp="2025-04-22T16:51:21 IST">
  <testcase classname="base.CreateAdmin" name="runCreateAdmin" time="0.014">
    <skipped/>
  </testcase> <!-- runCreateAdmin -->
  <testcase classname="base.CreateAdmin" name="runCreateAdmin" time="0.002">
    <skipped/>
  </testcase> <!-- runCreateAdmin -->
  <testcase classname="base.CreateAdmin" name="runCreateAdmin" time="0.002">
    <skipped/>
  </testcase> <!-- runCreateAdmin -->
  <testcase classname="base.CreateAdmin" name="runCreateAdmin" time="0.002">
    <failure type="java.lang.RuntimeException" message="Unknown error">
      <![CDATA[java.lang.RuntimeException: Unknown error
at base.CreateAdmin.runCreateAdmin(CreateAdmin.java:11)
at java.base/java.util.ArrayList.forEach(ArrayList.java:1511)
... Removed 27 stack frames]]>
    </failure>
  </testcase> <!-- runCreateAdmin -->
</testsuite> <!-- Test -->
